<?xml version="1.0" encoding="UTF-8"?>
<testng-results ignored="0" total="4" passed="4" failed="0" skipped="0">
  <reporter-output>
  </reporter-output>
  <suite started-at="2024-04-25T19:17:22 IST" name="Surefire suite" finished-at="2024-04-25T19:17:31 IST" duration-ms="8470">
    <groups>
    </groups>
    <test started-at="2024-04-25T19:17:22 IST" name="Surefire test" finished-at="2024-04-25T19:17:31 IST" duration-ms="8470">
      <class name="api.test.UserTests2">
        <test-method is-config="true" signature="setupData()[pri:0, instance:api.test.UserTests2@66498326]" started-at="2024-04-25T19:17:22 IST" name="setupData" finished-at="2024-04-25T19:17:23 IST" duration-ms="223" status="PASS">
          <reporter-output>
          </reporter-output>
        </test-method> <!-- setupData -->
        <test-method signature="test_postUser()[pri:1, instance:api.test.UserTests2@66498326]" started-at="2024-04-25T19:17:23 IST" name="test_postUser" finished-at="2024-04-25T19:17:25 IST" duration-ms="2686" status="PASS">
          <reporter-output>
          </reporter-output>
        </test-method> <!-- test_postUser -->
        <test-method signature="test_getUserByName()[pri:2, instance:api.test.UserTests2@66498326]" started-at="2024-04-25T19:17:25 IST" name="test_getUserByName" finished-at="2024-04-25T19:17:26 IST" duration-ms="1234" status="PASS">
          <reporter-output>
          </reporter-output>
        </test-method> <!-- test_getUserByName -->
        <test-method signature="test_updateUser()[pri:3, instance:api.test.UserTests2@66498326]" started-at="2024-04-25T19:17:26 IST" name="test_updateUser" finished-at="2024-04-25T19:17:29 IST" duration-ms="2961" status="PASS">
          <reporter-output>
          </reporter-output>
        </test-method> <!-- test_updateUser -->
        <test-method signature="test_deleteUserByName()[pri:4, instance:api.test.UserTests2@66498326]" started-at="2024-04-25T19:17:29 IST" name="test_deleteUserByName" finished-at="2024-04-25T19:17:31 IST" duration-ms="1330" status="PASS">
          <reporter-output>
          </reporter-output>
        </test-method> <!-- test_deleteUserByName -->
      </class> <!-- api.test.UserTests2 -->
    </test> <!-- Surefire test -->
  </suite> <!-- Surefire suite -->
</testng-results>
