<?xml version="1.0" encoding="UTF-8"?>
<!-- Generated by org.testng.reporters.JUnitXMLReporter -->
<testsuite ignored="0" hostname="Tennetis-MacBook-Pro.local" failures="0" tests="10" name="APIStoreProject" time="16.521" errors="0" timestamp="2024-04-25T18:39:28 IST">
  <testcase classname="api.test.DDTests" name="test_PostUser" time="2.508"/>
  <testcase classname="api.test.DDTests" name="test_PostUser" time="1.148"/>
  <testcase classname="api.test.DDTests" name="test_PostUser" time="1.177"/>
  <testcase classname="api.test.DDTests" name="test_deleteUserByName" time="1.368"/>
  <testcase classname="api.test.DDTests" name="test_deleteUserByName" time="1.111"/>
  <testcase classname="api.test.DDTests" name="test_deleteUserByName" time="1.143"/>
  <testcase classname="api.test.UserTests" name="test_postUser" time="1.413"/>
  <testcase classname="api.test.UserTests" name="test_getUserByName" time="1.415"/>
  <testcase classname="api.test.UserTests" name="test_updateUser" time="2.844"/>
  <testcase classname="api.test.UserTests" name="test_deleteUserByName" time="1.354"/>
</testsuite> <!-- APIStoreProject -->
