<?xml version="1.0" encoding="UTF-8"?>
<!-- Generated by org.testng.reporters.JUnitXMLReporter -->
<testsuite ignored="0" hostname="Tennetis-MacBook-Pro.local" failures="0" tests="4" name="APIStoreProject_properties" time="6.81" errors="0" timestamp="2024-04-25T18:39:40 IST">
  <testcase classname="api.test.UserTests2" name="test_postUser" time="1.46"/>
  <testcase classname="api.test.UserTests2" name="test_getUserByName" time="1.364"/>
  <testcase classname="api.test.UserTests2" name="test_updateUser" time="2.525"/>
  <testcase classname="api.test.UserTests2" name="test_deleteUserByName" time="1.419"/>
</testsuite> <!-- APIStoreProject_properties -->
